c:\users\sergey\documents\github\cs3113\hw 3\vs\nyucodebase\debug\vc120.pdb
c:\users\sergey\documents\github\cs3113\hw 3\vs\nyucodebase\debug\vc120.idb
c:\users\sergey\documents\github\cs3113\hw 3\vs\nyucodebase\debug\bullet.obj
c:\users\sergey\documents\github\cs3113\hw 3\vs\nyucodebase\debug\entity.obj
c:\users\sergey\documents\github\cs3113\hw 3\vs\nyucodebase\debug\matrix.obj
c:\users\sergey\documents\github\cs3113\hw 3\vs\nyucodebase\debug\shaderprogram.obj
c:\users\sergey\documents\github\cs3113\hw 3\vs\nyucodebase\debug\spaceinvader.obj
c:\users\sergey\documents\github\cs3113\hw 3\vs\nyucodebase\debug\utils.obj
c:\users\sergey\documents\github\cs3113\hw 3\vs\nyucodebase\debug\main.obj
c:\users\sergey\documents\github\cs3113\hw 4\nyucodebase\debug\vc120.pdb
c:\users\sergey\documents\github\cs3113\hw 4\nyucodebase\debug\vc120.idb
c:\users\sergey\documents\github\cs3113\hw 4\nyucodebase\debug\entity.obj
c:\users\sergey\documents\github\cs3113\hw 4\nyucodebase\debug\main.obj
c:\users\sergey\documents\github\cs3113\hw 4\nyucodebase\debug\matrix.obj
c:\users\sergey\documents\github\cs3113\hw 4\nyucodebase\debug\shaderprogram.obj
c:\users\sergey\documents\github\cs3113\hw 4\nyucodebase\debug\platformer.obj
c:\users\sergey\documents\github\cs3113\hw 4\nyucodebase\debug\utils.obj
c:\users\sergey\documents\github\cs3113\hw 3\vs\debug\nyucodebase.ilk
c:\users\sergey\documents\github\cs3113\hw 3\vs\debug\nyucodebase.exe
c:\users\sergey\documents\github\cs3113\hw 3\vs\debug\nyucodebase.pdb
c:\users\sergey\documents\github\cs3113\hw 4\nyucodebase\debug\bullet.obj
c:\users\sergey\documents\github\cs3113\hw 4\nyucodebase\debug\spaceinvader.obj
c:\users\sergey\documents\github\cs3113\hw 4\debug\nyucodebase.pdb
c:\users\sergey\documents\github\cs3113\hw 4\nyucodebase\debug\nyucodebase.tlog\cl.command.1.tlog
c:\users\sergey\documents\github\cs3113\hw 4\nyucodebase\debug\nyucodebase.tlog\cl.read.1.tlog
c:\users\sergey\documents\github\cs3113\hw 4\nyucodebase\debug\nyucodebase.tlog\cl.write.1.tlog
c:\users\sergey\documents\github\cs3113\hw 4\nyucodebase\debug\nyucodebase.tlog\link-cvtres.read.1.tlog
c:\users\sergey\documents\github\cs3113\hw 4\nyucodebase\debug\nyucodebase.tlog\link-cvtres.write.1.tlog
c:\users\sergey\documents\github\cs3113\hw 4\nyucodebase\debug\nyucodebase.tlog\link-rc.read.1.tlog
c:\users\sergey\documents\github\cs3113\hw 4\nyucodebase\debug\nyucodebase.tlog\link-rc.write.1.tlog
c:\users\sergey\documents\github\cs3113\hw 4\nyucodebase\debug\nyucodebase.tlog\link.command.1.tlog
c:\users\sergey\documents\github\cs3113\hw 4\nyucodebase\debug\nyucodebase.tlog\link.read.1.tlog
c:\users\sergey\documents\github\cs3113\hw 4\nyucodebase\debug\nyucodebase.tlog\link.write.1.tlog
